1710227245.991632 client started (49680): version 3.4, socket /private/tmp/tmux-501/default, protocol 8
1710227245.991698 on Darwin 23.3.0 Darwin Kernel Version 23.3.0: Wed Dec 20 21:28:58 PST 2023; root:xnu-10002.81.5~7/RELEASE_X86_64
1710227245.991713 using libevent 2.1.12-stable select
1710227245.992086 using utf8proc 2.9.0
1710227245.992097 using ncurses 6.4 20221231
1710227245.992125 flags are 0x18010000
1710227245.992135 socket is /private/tmp/tmux-501/default
1710227245.992149 trying connect
1710227245.992167 connect failed: No such file or directory
1710227245.992183 lock file is /private/tmp/tmux-501/default.lock
1710227245.992248 flock succeeded
1710227245.992257 got lock (6)
1710227245.992265 trying connect
1710227245.992276 connect failed: No such file or directory
1710227245.992641 add peer 0x7faa61831000: 7 (0x0)
1710227245.996559 sending message 100 to peer 0x7faa61831000 (4 bytes)
1710227245.996576 sending message 111 to peer 0x7faa61831000 (8 bytes)
1710227245.996586 sending message 101 to peer 0x7faa61831000 (15 bytes)
1710227245.996593 sending message 109 to peer 0x7faa61831000 (4 bytes)
1710227245.996601 sending message 102 to peer 0x7faa61831000 (13 bytes)
1710227245.996608 sending message 108 to peer 0x7faa61831000 (36 bytes)
1710227245.996616 sending message 112 to peer 0x7faa61831000 (58 bytes)
1710227245.996624 sending message 112 to peer 0x7faa61831000 (5 bytes)
1710227245.996631 sending message 112 to peer 0x7faa61831000 (5 bytes)
1710227245.996639 sending message 112 to peer 0x7faa61831000 (6 bytes)
1710227245.996647 sending message 112 to peer 0x7faa61831000 (6 bytes)
1710227245.996654 sending message 112 to peer 0x7faa61831000 (11 bytes)
1710227245.996662 sending message 112 to peer 0x7faa61831000 (10 bytes)
1710227245.996669 sending message 112 to peer 0x7faa61831000 (13 bytes)
1710227245.996677 sending message 112 to peer 0x7faa61831000 (14 bytes)
1710227245.996684 sending message 112 to peer 0x7faa61831000 (19 bytes)
1710227245.996691 sending message 112 to peer 0x7faa61831000 (11 bytes)
1710227245.996699 sending message 112 to peer 0x7faa61831000 (10 bytes)
1710227245.996707 sending message 112 to peer 0x7faa61831000 (15 bytes)
1710227245.996714 sending message 112 to peer 0x7faa61831000 (21 bytes)
1710227245.996722 sending message 112 to peer 0x7faa61831000 (13 bytes)
1710227245.996729 sending message 112 to peer 0x7faa61831000 (7 bytes)
1710227245.996737 sending message 112 to peer 0x7faa61831000 (13 bytes)
1710227245.996744 sending message 112 to peer 0x7faa61831000 (7 bytes)
1710227245.996751 sending message 112 to peer 0x7faa61831000 (13 bytes)
1710227245.996759 sending message 112 to peer 0x7faa61831000 (9 bytes)
1710227245.996766 sending message 112 to peer 0x7faa61831000 (21 bytes)
1710227245.996774 sending message 112 to peer 0x7faa61831000 (13 bytes)
1710227245.996782 sending message 112 to peer 0x7faa61831000 (9 bytes)
1710227245.996790 sending message 112 to peer 0x7faa61831000 (16 bytes)
1710227245.996797 sending message 112 to peer 0x7faa61831000 (13 bytes)
1710227245.996805 sending message 112 to peer 0x7faa61831000 (9 bytes)
1710227245.996813 sending message 112 to peer 0x7faa61831000 (9 bytes)
1710227245.996821 sending message 112 to peer 0x7faa61831000 (12 bytes)
1710227245.996828 sending message 112 to peer 0x7faa61831000 (8 bytes)
1710227245.996836 sending message 112 to peer 0x7faa61831000 (8 bytes)
1710227245.996843 sending message 112 to peer 0x7faa61831000 (13 bytes)
1710227245.996850 sending message 112 to peer 0x7faa61831000 (7 bytes)
1710227245.996858 sending message 112 to peer 0x7faa61831000 (7 bytes)
1710227245.996866 sending message 112 to peer 0x7faa61831000 (9 bytes)
1710227245.996873 sending message 112 to peer 0x7faa61831000 (9 bytes)
1710227245.996881 sending message 112 to peer 0x7faa61831000 (15 bytes)
1710227245.996888 sending message 112 to peer 0x7faa61831000 (13 bytes)
1710227245.996896 sending message 112 to peer 0x7faa61831000 (12 bytes)
1710227245.996903 sending message 112 to peer 0x7faa61831000 (8 bytes)
1710227245.996911 sending message 112 to peer 0x7faa61831000 (14 bytes)
1710227245.996939 sending message 112 to peer 0x7faa61831000 (11 bytes)
1710227245.996945 sending message 112 to peer 0x7faa61831000 (9 bytes)
1710227245.996950 sending message 112 to peer 0x7faa61831000 (10 bytes)
1710227245.996955 sending message 112 to peer 0x7faa61831000 (10 bytes)
1710227245.996960 sending message 112 to peer 0x7faa61831000 (10 bytes)
1710227245.996965 sending message 112 to peer 0x7faa61831000 (10 bytes)
1710227245.996970 sending message 112 to peer 0x7faa61831000 (11 bytes)
1710227245.996974 sending message 112 to peer 0x7faa61831000 (12 bytes)
1710227245.996979 sending message 112 to peer 0x7faa61831000 (12 bytes)
1710227245.996984 sending message 112 to peer 0x7faa61831000 (12 bytes)
1710227245.996990 sending message 112 to peer 0x7faa61831000 (12 bytes)
1710227245.996995 sending message 112 to peer 0x7faa61831000 (12 bytes)
1710227245.997000 sending message 112 to peer 0x7faa61831000 (11 bytes)
1710227245.997006 sending message 112 to peer 0x7faa61831000 (11 bytes)
1710227245.997011 sending message 112 to peer 0x7faa61831000 (12 bytes)
1710227245.997016 sending message 112 to peer 0x7faa61831000 (12 bytes)
1710227245.997020 sending message 112 to peer 0x7faa61831000 (12 bytes)
1710227245.997029 sending message 112 to peer 0x7faa61831000 (12 bytes)
1710227245.997035 sending message 112 to peer 0x7faa61831000 (12 bytes)
1710227245.997040 sending message 112 to peer 0x7faa61831000 (9 bytes)
1710227245.997045 sending message 112 to peer 0x7faa61831000 (12 bytes)
1710227245.997050 sending message 112 to peer 0x7faa61831000 (13 bytes)
1710227245.997055 sending message 112 to peer 0x7faa61831000 (13 bytes)
1710227245.997059 sending message 112 to peer 0x7faa61831000 (13 bytes)
1710227245.997064 sending message 112 to peer 0x7faa61831000 (13 bytes)
1710227245.997069 sending message 112 to peer 0x7faa61831000 (13 bytes)
1710227245.997073 sending message 112 to peer 0x7faa61831000 (8 bytes)
1710227245.997078 sending message 112 to peer 0x7faa61831000 (11 bytes)
1710227245.997082 sending message 112 to peer 0x7faa61831000 (11 bytes)
1710227245.997087 sending message 112 to peer 0x7faa61831000 (11 bytes)
1710227245.997092 sending message 112 to peer 0x7faa61831000 (12 bytes)
1710227245.997097 sending message 112 to peer 0x7faa61831000 (12 bytes)
1710227245.997102 sending message 112 to peer 0x7faa61831000 (12 bytes)
1710227245.997107 sending message 112 to peer 0x7faa61831000 (12 bytes)
1710227245.997111 sending message 112 to peer 0x7faa61831000 (13 bytes)
1710227245.997116 sending message 112 to peer 0x7faa61831000 (13 bytes)
1710227245.997121 sending message 112 to peer 0x7faa61831000 (13 bytes)
1710227245.997126 sending message 112 to peer 0x7faa61831000 (8 bytes)
1710227245.997131 sending message 112 to peer 0x7faa61831000 (13 bytes)
1710227245.997136 sending message 112 to peer 0x7faa61831000 (13 bytes)
1710227245.997141 sending message 112 to peer 0x7faa61831000 (13 bytes)
1710227245.997146 sending message 112 to peer 0x7faa61831000 (13 bytes)
1710227245.997152 sending message 112 to peer 0x7faa61831000 (13 bytes)
1710227245.997157 sending message 112 to peer 0x7faa61831000 (12 bytes)
1710227245.997162 sending message 112 to peer 0x7faa61831000 (12 bytes)
1710227245.997167 sending message 112 to peer 0x7faa61831000 (12 bytes)
1710227245.997172 sending message 112 to peer 0x7faa61831000 (12 bytes)
1710227245.997177 sending message 112 to peer 0x7faa61831000 (13 bytes)
1710227245.997183 sending message 112 to peer 0x7faa61831000 (8 bytes)
1710227245.997187 sending message 112 to peer 0x7faa61831000 (13 bytes)
1710227245.997193 sending message 112 to peer 0x7faa61831000 (13 bytes)
1710227245.997198 sending message 112 to peer 0x7faa61831000 (13 bytes)
1710227245.997202 sending message 112 to peer 0x7faa61831000 (13 bytes)
1710227245.997207 sending message 112 to peer 0x7faa61831000 (13 bytes)
1710227245.997212 sending message 112 to peer 0x7faa61831000 (13 bytes)
1710227245.997217 sending message 112 to peer 0x7faa61831000 (13 bytes)
1710227245.997222 sending message 112 to peer 0x7faa61831000 (12 bytes)
1710227245.997239 sending message 112 to peer 0x7faa61831000 (12 bytes)
1710227245.997244 sending message 112 to peer 0x7faa61831000 (12 bytes)
1710227245.997249 sending message 112 to peer 0x7faa61831000 (8 bytes)
1710227245.997254 sending message 112 to peer 0x7faa61831000 (12 bytes)
1710227245.997259 sending message 112 to peer 0x7faa61831000 (13 bytes)
1710227245.997264 sending message 112 to peer 0x7faa61831000 (13 bytes)
1710227245.997269 sending message 112 to peer 0x7faa61831000 (13 bytes)
1710227245.997274 sending message 112 to peer 0x7faa61831000 (13 bytes)
1710227245.997278 sending message 112 to peer 0x7faa61831000 (13 bytes)
1710227245.997283 sending message 112 to peer 0x7faa61831000 (13 bytes)
1710227245.997288 sending message 112 to peer 0x7faa61831000 (13 bytes)
1710227245.997293 sending message 112 to peer 0x7faa61831000 (13 bytes)
1710227245.997297 sending message 112 to peer 0x7faa61831000 (12 bytes)
1710227245.997302 sending message 112 to peer 0x7faa61831000 (10 bytes)
1710227245.997307 sending message 112 to peer 0x7faa61831000 (12 bytes)
1710227245.997311 sending message 112 to peer 0x7faa61831000 (12 bytes)
1710227245.997316 sending message 112 to peer 0x7faa61831000 (12 bytes)
1710227245.997321 sending message 112 to peer 0x7faa61831000 (13 bytes)
1710227245.997325 sending message 112 to peer 0x7faa61831000 (13 bytes)
1710227245.997329 sending message 112 to peer 0x7faa61831000 (13 bytes)
1710227245.997335 sending message 112 to peer 0x7faa61831000 (13 bytes)
1710227245.997340 sending message 112 to peer 0x7faa61831000 (13 bytes)
1710227245.997345 sending message 112 to peer 0x7faa61831000 (13 bytes)
1710227245.997350 sending message 112 to peer 0x7faa61831000 (13 bytes)
1710227245.997358 sending message 112 to peer 0x7faa61831000 (10 bytes)
1710227245.997363 sending message 112 to peer 0x7faa61831000 (13 bytes)
1710227245.997368 sending message 112 to peer 0x7faa61831000 (12 bytes)
1710227245.997373 sending message 112 to peer 0x7faa61831000 (12 bytes)
1710227245.997377 sending message 112 to peer 0x7faa61831000 (12 bytes)
1710227245.997381 sending message 112 to peer 0x7faa61831000 (10 bytes)
1710227245.997385 sending message 112 to peer 0x7faa61831000 (10 bytes)
1710227245.997392 sending message 112 to peer 0x7faa61831000 (10 bytes)
1710227245.997398 sending message 112 to peer 0x7faa61831000 (12 bytes)
1710227245.997402 sending message 112 to peer 0x7faa61831000 (13 bytes)
1710227245.997407 sending message 112 to peer 0x7faa61831000 (13 bytes)
1710227245.997412 sending message 112 to peer 0x7faa61831000 (13 bytes)
1710227245.997417 sending message 112 to peer 0x7faa61831000 (13 bytes)
1710227245.997421 sending message 112 to peer 0x7faa61831000 (13 bytes)
1710227245.997426 sending message 112 to peer 0x7faa61831000 (10 bytes)
1710227245.997431 sending message 112 to peer 0x7faa61831000 (11 bytes)
1710227245.997436 sending message 112 to peer 0x7faa61831000 (12 bytes)
1710227245.997441 sending message 112 to peer 0x7faa61831000 (12 bytes)
1710227245.997447 sending message 112 to peer 0x7faa61831000 (12 bytes)
1710227245.997452 sending message 112 to peer 0x7faa61831000 (12 bytes)
1710227245.997457 sending message 112 to peer 0x7faa61831000 (12 bytes)
1710227245.997462 sending message 112 to peer 0x7faa61831000 (11 bytes)
1710227245.997467 sending message 112 to peer 0x7faa61831000 (12 bytes)
1710227245.997471 sending message 112 to peer 0x7faa61831000 (12 bytes)
1710227245.997477 sending message 112 to peer 0x7faa61831000 (13 bytes)
1710227245.997482 sending message 112 to peer 0x7faa61831000 (13 bytes)
1710227245.997486 sending message 112 to peer 0x7faa61831000 (13 bytes)
1710227245.997491 sending message 112 to peer 0x7faa61831000 (13 bytes)
1710227245.997496 sending message 112 to peer 0x7faa61831000 (13 bytes)
1710227245.997501 sending message 112 to peer 0x7faa61831000 (10 bytes)
1710227245.997506 sending message 112 to peer 0x7faa61831000 (9 bytes)
1710227245.997511 sending message 112 to peer 0x7faa61831000 (12 bytes)
1710227245.997515 sending message 112 to peer 0x7faa61831000 (13 bytes)
1710227245.997530 sending message 112 to peer 0x7faa61831000 (13 bytes)
1710227245.997536 sending message 112 to peer 0x7faa61831000 (13 bytes)
1710227245.997541 sending message 112 to peer 0x7faa61831000 (13 bytes)
1710227245.997546 sending message 112 to peer 0x7faa61831000 (13 bytes)
1710227245.997551 sending message 112 to peer 0x7faa61831000 (9 bytes)
1710227245.997556 sending message 112 to peer 0x7faa61831000 (12 bytes)
1710227245.997561 sending message 112 to peer 0x7faa61831000 (13 bytes)
1710227245.997566 sending message 112 to peer 0x7faa61831000 (13 bytes)
1710227245.997570 sending message 112 to peer 0x7faa61831000 (13 bytes)
1710227245.997574 sending message 112 to peer 0x7faa61831000 (13 bytes)
1710227245.997580 sending message 112 to peer 0x7faa61831000 (13 bytes)
1710227245.997584 sending message 112 to peer 0x7faa61831000 (11 bytes)
1710227245.997589 sending message 112 to peer 0x7faa61831000 (12 bytes)
1710227245.997594 sending message 112 to peer 0x7faa61831000 (13 bytes)
1710227245.997599 sending message 112 to peer 0x7faa61831000 (13 bytes)
1710227245.997604 sending message 112 to peer 0x7faa61831000 (13 bytes)
1710227245.997608 sending message 112 to peer 0x7faa61831000 (13 bytes)
1710227245.997613 sending message 112 to peer 0x7faa61831000 (13 bytes)
1710227245.997619 sending message 112 to peer 0x7faa61831000 (11 bytes)
1710227245.997624 sending message 112 to peer 0x7faa61831000 (12 bytes)
1710227245.997629 sending message 112 to peer 0x7faa61831000 (12 bytes)
1710227245.997634 sending message 112 to peer 0x7faa61831000 (12 bytes)
1710227245.997638 sending message 112 to peer 0x7faa61831000 (12 bytes)
1710227245.997643 sending message 112 to peer 0x7faa61831000 (12 bytes)
1710227245.997648 sending message 112 to peer 0x7faa61831000 (21 bytes)
1710227245.997653 sending message 112 to peer 0x7faa61831000 (12 bytes)
1710227245.997658 sending message 112 to peer 0x7faa61831000 (9 bytes)
1710227245.997663 sending message 112 to peer 0x7faa61831000 (6 bytes)
1710227245.997667 sending message 112 to peer 0x7faa61831000 (13 bytes)
1710227245.997672 sending message 112 to peer 0x7faa61831000 (10 bytes)
1710227245.997678 sending message 112 to peer 0x7faa61831000 (24 bytes)
1710227245.997685 sending message 112 to peer 0x7faa61831000 (13 bytes)
1710227245.997690 sending message 112 to peer 0x7faa61831000 (9 bytes)
1710227245.997695 sending message 112 to peer 0x7faa61831000 (70 bytes)
1710227245.997700 sending message 112 to peer 0x7faa61831000 (69 bytes)
1710227245.997704 sending message 112 to peer 0x7faa61831000 (12 bytes)
1710227245.997710 sending message 112 to peer 0x7faa61831000 (10 bytes)
1710227245.997715 sending message 112 to peer 0x7faa61831000 (10 bytes)
1710227245.997720 sending message 112 to peer 0x7faa61831000 (24 bytes)
1710227245.997724 sending message 112 to peer 0x7faa61831000 (13 bytes)
1710227245.997729 sending message 112 to peer 0x7faa61831000 (10 bytes)
1710227245.997734 sending message 112 to peer 0x7faa61831000 (10 bytes)
1710227245.997739 sending message 112 to peer 0x7faa61831000 (10 bytes)
1710227245.997743 sending message 112 to peer 0x7faa61831000 (13 bytes)
1710227245.997748 sending message 112 to peer 0x7faa61831000 (15 bytes)
1710227245.997752 sending message 112 to peer 0x7faa61831000 (5 bytes)
1710227245.997758 sending message 104 to peer 0x7faa61831000 (0 bytes)
1710227245.997764 sending message 110 to peer 0x7faa61831000 (0 bytes)
1710227245.997769 sending message 107 to peer 0x7faa61831000 (4 bytes)
1710227245.997775 sending message 105 to peer 0x7faa61831000 (20 bytes)
1710227245.997780 sending message 105 to peer 0x7faa61831000 (22 bytes)
1710227245.997785 sending message 105 to peer 0x7faa61831000 (23 bytes)
1710227245.997790 sending message 105 to peer 0x7faa61831000 (17 bytes)
1710227245.997795 sending message 105 to peer 0x7faa61831000 (39 bytes)
1710227245.997799 sending message 105 to peer 0x7faa61831000 (19 bytes)
1710227245.997803 sending message 105 to peer 0x7faa61831000 (54 bytes)
1710227245.997808 sending message 105 to peer 0x7faa61831000 (601 bytes)
1710227245.997825 sending message 105 to peer 0x7faa61831000 (24 bytes)
1710227245.997830 sending message 105 to peer 0x7faa61831000 (15 bytes)
1710227245.997836 sending message 105 to peer 0x7faa61831000 (66 bytes)
1710227245.997842 sending message 105 to peer 0x7faa61831000 (20 bytes)
1710227245.997847 sending message 105 to peer 0x7faa61831000 (21 bytes)
1710227245.997852 sending message 105 to peer 0x7faa61831000 (46 bytes)
1710227245.997857 sending message 105 to peer 0x7faa61831000 (57 bytes)
1710227245.997862 sending message 105 to peer 0x7faa61831000 (16 bytes)
1710227245.997866 sending message 105 to peer 0x7faa61831000 (39 bytes)
1710227245.997871 sending message 105 to peer 0x7faa61831000 (53 bytes)
1710227245.997876 sending message 105 to peer 0x7faa61831000 (66 bytes)
1710227245.997881 sending message 105 to peer 0x7faa61831000 (72 bytes)
1710227245.997886 sending message 105 to peer 0x7faa61831000 (64 bytes)
1710227245.997891 sending message 105 to peer 0x7faa61831000 (15 bytes)
1710227245.997895 sending message 105 to peer 0x7faa61831000 (74 bytes)
1710227245.997900 sending message 105 to peer 0x7faa61831000 (14 bytes)
1710227245.997905 sending message 105 to peer 0x7faa61831000 (19 bytes)
1710227245.997910 sending message 105 to peer 0x7faa61831000 (44 bytes)
1710227245.997915 sending message 105 to peer 0x7faa61831000 (38 bytes)
1710227245.997920 sending message 105 to peer 0x7faa61831000 (8 bytes)
1710227245.997925 sending message 105 to peer 0x7faa61831000 (40 bytes)
1710227245.997930 sending message 105 to peer 0x7faa61831000 (25 bytes)
1710227245.997936 sending message 105 to peer 0x7faa61831000 (33 bytes)
1710227245.997941 sending message 105 to peer 0x7faa61831000 (11 bytes)
1710227245.997946 sending message 105 to peer 0x7faa61831000 (8 bytes)
1710227245.997951 sending message 105 to peer 0x7faa61831000 (32 bytes)
1710227245.997955 sending message 105 to peer 0x7faa61831000 (96 bytes)
1710227245.997960 sending message 105 to peer 0x7faa61831000 (33 bytes)
1710227245.997965 sending message 105 to peer 0x7faa61831000 (19 bytes)
1710227245.997970 sending message 105 to peer 0x7faa61831000 (38 bytes)
1710227245.997978 sending message 105 to peer 0x7faa61831000 (32 bytes)
1710227245.997983 sending message 105 to peer 0x7faa61831000 (41 bytes)
1710227245.997988 sending message 105 to peer 0x7faa61831000 (10 bytes)
1710227245.997994 sending message 105 to peer 0x7faa61831000 (1080 bytes)
1710227245.998000 sending message 105 to peer 0x7faa61831000 (17 bytes)
1710227245.998004 sending message 105 to peer 0x7faa61831000 (21 bytes)
1710227245.998009 sending message 105 to peer 0x7faa61831000 (46 bytes)
1710227245.998014 sending message 105 to peer 0x7faa61831000 (49 bytes)
1710227245.998019 sending message 105 to peer 0x7faa61831000 (21 bytes)
1710227245.998024 sending message 105 to peer 0x7faa61831000 (48 bytes)
1710227245.998029 sending message 105 to peer 0x7faa61831000 (35 bytes)
1710227245.998034 sending message 105 to peer 0x7faa61831000 (43 bytes)
1710227245.998039 sending message 105 to peer 0x7faa61831000 (39 bytes)
1710227245.998044 sending message 105 to peer 0x7faa61831000 (21 bytes)
1710227245.998048 sending message 105 to peer 0x7faa61831000 (42 bytes)
1710227245.998053 sending message 105 to peer 0x7faa61831000 (38 bytes)
1710227245.998058 sending message 105 to peer 0x7faa61831000 (35 bytes)
1710227245.998064 sending message 105 to peer 0x7faa61831000 (58 bytes)
1710227245.998068 sending message 105 to peer 0x7faa61831000 (25 bytes)
1710227245.998073 sending message 105 to peer 0x7faa61831000 (41 bytes)
1710227245.998077 sending message 105 to peer 0x7faa61831000 (47 bytes)
1710227245.998082 sending message 105 to peer 0x7faa61831000 (21 bytes)
1710227245.998086 sending message 105 to peer 0x7faa61831000 (51 bytes)
1710227245.998091 sending message 105 to peer 0x7faa61831000 (159 bytes)
1710227245.998097 sending message 105 to peer 0x7faa61831000 (65 bytes)
1710227245.998101 sending message 105 to peer 0x7faa61831000 (36 bytes)
1710227245.998106 sending message 105 to peer 0x7faa61831000 (22 bytes)
1710227245.998121 sending message 105 to peer 0x7faa61831000 (50 bytes)
1710227245.998126 sending message 105 to peer 0x7faa61831000 (22 bytes)
1710227245.998130 sending message 106 to peer 0x7faa61831000 (0 bytes)
1710227245.998198 sending message 200 to peer 0x7faa61831000 (4 bytes)
1710227245.998206 client loop enter
1710227245.998228 client_signal: Child exited: 20
1710227246.096304 peer 0x7faa61831000 message 207
1710227246.096328 sending message 208 to peer 0x7faa61831000 (0 bytes)
1710227365.998185 client_signal: Hangup: 1
1710227365.998275 sending message 205 to peer 0x7faa61831000 (0 bytes)
1710227365.999550 peer 0x7faa61831000 message 204
1710227365.999638 client loop exit
